Arguments: 
  C:\Program Files\nodejs\node.exe C:\Users\a5205\AppData\Roaming\npm\node_modules\yarn\bin\yarn.js add jest @types/jest -D

PATH: 
  C:\Program Files (x86)\Common Files\Oracle\Java\javapath;C:\Program Files (x86)\Python37-32\Scripts\;C:\Program Files (x86)\Python37-32\;C:\Windows\system32;C:\Windows;C:\Windows\System32\Wbem;C:\Windows\System32\WindowsPowerShell\v1.0\;C:\Windows\System32\OpenSSH\;C:\Program Files\Microsoft VS Code\bin;C:\Program Files\MongoDB\Server\4.0\bin;C:\Users\a5205\AppData\Roaming\nvm;C:\Program Files\NVIDIA Corporation\NVIDIA NvDLISR;C:\Program Files\Git\cmd;C:\Go\bin;C:\Program Files (x86)\GitExtensions\;C:\WINDOWS\system32;C:\WINDOWS;C:\WINDOWS\System32\Wbem;C:\WINDOWS\System32\WindowsPowerShell\v1.0\;C:\WINDOWS\System32\OpenSSH\;C:\Users\a5205\AppData\Local\Android\Sdk\platform-tools;C:\Users\a5205\AppData\Local\Android\Sdk\tools;C:\Program Files (x86)\Bluetooth Command Line Tools\bin;C:\Program Files (x86)\NVIDIA Corporation\PhysX\Common;C:\Program Files\Docker\Docker\resources\bin;C:\Users\a5205\AppData\Roaming\nvm;C:\Program Files\nodejs;C:\Program Files (x86)\Tencent\微信web开发者工具\dll;C:\Users\a5205\.cargo\bin;C:\Users\a5205\AppData\Local\Microsoft\WindowsApps;C:\Users\a5205\AppData\Local\Programs\Microsoft VS Code\bin;C:\Users\a5205\AppData\Roaming\nvm;C:\Program Files\nodejs;C:\Program Files\JetBrains\WebStorm 2019.3.3\bin;;C:\Users\a5205\go\bin;C:\Users\a5205\AppData\Roaming\npm;C:\Users\a5205\AppData\Local\Microsoft\WindowsApps;D:\flutter\bin;C:\Users\a5205\AppData\Local\Android\Sdk\platform-tools;C:\Users\a5205\AppData\Local\Android\Sdk\tools;;C:\Users\a5205\AppData\Local\Programs\Hyper\resources\bin

Yarn version: 
  1.10.1

Node version: 
  18.13.0

Platform: 
  win32 x64

Trace: 
  Error: certificate has expired
      at TLSSocket.onConnectSecure (node:_tls_wrap:1545:34)
      at TLSSocket.emit (node:events:513:28)
      at TLSSocket._finishInit (node:_tls_wrap:959:8)
      at ssl.onhandshakedone (node:_tls_wrap:743:12)

npm manifest: 
  {
    "name": "vue-mini",
    "version": "1.0.0",
    "main": "index.js",
    "license": "MIT"
  }

yarn manifest: 
  No manifest

Lockfile: 
  No lockfile
